2024-12-30 18:52:18 [main] INFO  c.t.s.SpringBootCrudProject1Application - Starting SpringBootCrudProject1Application using Java 17.0.13 with PID 13772 (C:\Git Hub Projects\SpringBoot_Crud_Project\SpringBootCrudProject1\target\classes started by admin in C:\Git Hub Projects\SpringBoot_Crud_Project\SpringBootCrudProject1)
2024-12-30 18:52:18 [main] DEBUG c.t.s.SpringBootCrudProject1Application - Running with Spring Boot v3.3.0, Spring v6.1.8
2024-12-30 18:52:18 [main] INFO  c.t.s.SpringBootCrudProject1Application - The following 1 profile is active: "default"
2024-12-30 18:52:19 [main] INFO  o.s.d.r.c.RepositoryConfigurationDelegate - Bootstrapping Spring Data JPA repositories in DEFAULT mode.
2024-12-30 18:52:19 [main] INFO  o.s.d.r.c.RepositoryConfigurationDelegate - Finished Spring Data repository scanning in 54 ms. Found 1 JPA repository interface.
2024-12-30 18:52:19 [main] INFO  o.s.b.w.e.tomcat.TomcatWebServer - Tomcat initialized with port 8085 (http)
2024-12-30 18:52:19 [main] INFO  o.a.catalina.core.StandardService - Starting service [Tomcat]
2024-12-30 18:52:19 [main] INFO  o.a.catalina.core.StandardEngine - Starting Servlet engine: [Apache Tomcat/10.1.24]
2024-12-30 18:52:19 [main] INFO  o.a.c.c.C.[Tomcat].[localhost].[/] - Initializing Spring embedded WebApplicationContext
2024-12-30 18:52:19 [main] INFO  o.s.b.w.s.c.ServletWebServerApplicationContext - Root WebApplicationContext: initialization completed in 1117 ms
2024-12-30 18:52:19 [main] INFO  o.h.jpa.internal.util.LogHelper - HHH000204: Processing PersistenceUnitInfo [name: default]
2024-12-30 18:52:19 [main] INFO  org.hibernate.Version - HHH000412: Hibernate ORM core version 6.5.2.Final
2024-12-30 18:52:19 [main] INFO  o.h.c.i.RegionFactoryInitiator - HHH000026: Second-level cache disabled
2024-12-30 18:52:20 [main] INFO  o.s.o.j.p.SpringPersistenceUnitInfo - No LoadTimeWeaver setup: ignoring JPA class transformer
2024-12-30 18:52:20 [main] INFO  com.zaxxer.hikari.HikariDataSource - HikariPool-1 - Starting...
2024-12-30 18:52:20 [main] INFO  com.zaxxer.hikari.pool.HikariPool - HikariPool-1 - Added connection com.mysql.cj.jdbc.ConnectionImpl@23321be7
2024-12-30 18:52:20 [main] INFO  com.zaxxer.hikari.HikariDataSource - HikariPool-1 - Start completed.
2024-12-30 18:52:20 [main] WARN  org.hibernate.orm.deprecation - HHH90000025: MySQL8Dialect does not need to be specified explicitly using 'hibernate.dialect' (remove the property setting and it will be selected by default)
2024-12-30 18:52:20 [main] WARN  org.hibernate.orm.deprecation - HHH90000026: MySQL8Dialect has been deprecated; use org.hibernate.dialect.MySQLDialect instead
2024-12-30 18:52:21 [main] DEBUG c.techtez.springboot.entity.Product - Creating a new Product instance
2024-12-30 18:52:21 [main] INFO  o.h.e.t.j.p.i.JtaPlatformInitiator - HHH000489: No JTA platform available (set 'hibernate.transaction.jta.platform' to enable JTA platform integration)
2024-12-30 18:52:21 [main] INFO  o.s.o.j.LocalContainerEntityManagerFactoryBean - Initialized JPA EntityManagerFactory for persistence unit 'default'
2024-12-30 18:52:21 [main] WARN  o.s.b.a.o.j.JpaBaseConfiguration$JpaWebConfiguration - spring.jpa.open-in-view is enabled by default. Therefore, database queries may be performed during view rendering. Explicitly configure spring.jpa.open-in-view to disable this warning
2024-12-30 18:52:22 [main] WARN  o.s.b.w.s.c.AnnotationConfigServletWebServerApplicationContext - Exception encountered during context initialization - cancelling refresh attempt: org.springframework.context.ApplicationContextException: Failed to start bean 'webServerStartStop'
2024-12-30 18:52:22 [main] INFO  o.s.o.j.LocalContainerEntityManagerFactoryBean - Closing JPA EntityManagerFactory for persistence unit 'default'
2024-12-30 18:52:22 [main] INFO  com.zaxxer.hikari.HikariDataSource - HikariPool-1 - Shutdown initiated...
2024-12-30 18:52:22 [main] INFO  com.zaxxer.hikari.HikariDataSource - HikariPool-1 - Shutdown completed.
2024-12-30 18:52:22 [main] INFO  o.s.b.a.l.ConditionEvaluationReportLogger - 

Error starting ApplicationContext. To display the condition evaluation report re-run your application with 'debug' enabled.
2024-12-30 18:52:22 [main] ERROR o.s.b.d.LoggingFailureAnalysisReporter - 

***************************
APPLICATION FAILED TO START
***************************

Description:

Web server failed to start. Port 8085 was already in use.

Action:

Identify and stop the process that's listening on port 8085 or configure this application to listen on another port.

2024-12-30 18:52:51 [main] INFO  c.t.s.SpringBootCrudProject1Application - Starting SpringBootCrudProject1Application using Java 17.0.13 with PID 5756 (C:\Git Hub Projects\SpringBoot_Crud_Project\SpringBootCrudProject1\target\classes started by admin in C:\Git Hub Projects\SpringBoot_Crud_Project\SpringBootCrudProject1)
2024-12-30 18:52:51 [main] DEBUG c.t.s.SpringBootCrudProject1Application - Running with Spring Boot v3.3.0, Spring v6.1.8
2024-12-30 18:52:51 [main] INFO  c.t.s.SpringBootCrudProject1Application - The following 1 profile is active: "default"
2024-12-30 18:52:52 [main] INFO  o.s.d.r.c.RepositoryConfigurationDelegate - Bootstrapping Spring Data JPA repositories in DEFAULT mode.
2024-12-30 18:52:52 [main] INFO  o.s.d.r.c.RepositoryConfigurationDelegate - Finished Spring Data repository scanning in 47 ms. Found 1 JPA repository interface.
2024-12-30 18:52:52 [main] INFO  o.s.b.w.e.tomcat.TomcatWebServer - Tomcat initialized with port 8080 (http)
2024-12-30 18:52:52 [main] INFO  o.a.catalina.core.StandardService - Starting service [Tomcat]
2024-12-30 18:52:52 [main] INFO  o.a.catalina.core.StandardEngine - Starting Servlet engine: [Apache Tomcat/10.1.24]
2024-12-30 18:52:52 [main] INFO  o.a.c.c.C.[Tomcat].[localhost].[/] - Initializing Spring embedded WebApplicationContext
2024-12-30 18:52:52 [main] INFO  o.s.b.w.s.c.ServletWebServerApplicationContext - Root WebApplicationContext: initialization completed in 1130 ms
2024-12-30 18:52:53 [main] INFO  o.h.jpa.internal.util.LogHelper - HHH000204: Processing PersistenceUnitInfo [name: default]
2024-12-30 18:52:53 [main] INFO  org.hibernate.Version - HHH000412: Hibernate ORM core version 6.5.2.Final
2024-12-30 18:52:53 [main] INFO  o.h.c.i.RegionFactoryInitiator - HHH000026: Second-level cache disabled
2024-12-30 18:52:53 [main] INFO  o.s.o.j.p.SpringPersistenceUnitInfo - No LoadTimeWeaver setup: ignoring JPA class transformer
2024-12-30 18:52:53 [main] INFO  com.zaxxer.hikari.HikariDataSource - HikariPool-1 - Starting...
2024-12-30 18:52:53 [main] INFO  com.zaxxer.hikari.pool.HikariPool - HikariPool-1 - Added connection com.mysql.cj.jdbc.ConnectionImpl@7d626f2
2024-12-30 18:52:53 [main] INFO  com.zaxxer.hikari.HikariDataSource - HikariPool-1 - Start completed.
2024-12-30 18:52:53 [main] WARN  org.hibernate.orm.deprecation - HHH90000025: MySQL8Dialect does not need to be specified explicitly using 'hibernate.dialect' (remove the property setting and it will be selected by default)
2024-12-30 18:52:53 [main] WARN  org.hibernate.orm.deprecation - HHH90000026: MySQL8Dialect has been deprecated; use org.hibernate.dialect.MySQLDialect instead
2024-12-30 18:52:54 [main] DEBUG c.techtez.springboot.entity.Product - Creating a new Product instance
2024-12-30 18:52:54 [main] INFO  o.h.e.t.j.p.i.JtaPlatformInitiator - HHH000489: No JTA platform available (set 'hibernate.transaction.jta.platform' to enable JTA platform integration)
2024-12-30 18:52:54 [main] INFO  o.s.o.j.LocalContainerEntityManagerFactoryBean - Initialized JPA EntityManagerFactory for persistence unit 'default'
2024-12-30 18:52:54 [main] WARN  o.s.b.a.o.j.JpaBaseConfiguration$JpaWebConfiguration - spring.jpa.open-in-view is enabled by default. Therefore, database queries may be performed during view rendering. Explicitly configure spring.jpa.open-in-view to disable this warning
2024-12-30 18:52:55 [main] INFO  o.s.b.w.e.tomcat.TomcatWebServer - Tomcat started on port 8080 (http) with context path '/'
2024-12-30 18:52:55 [main] INFO  c.t.s.SpringBootCrudProject1Application - Started SpringBootCrudProject1Application in 3.996 seconds (process running for 4.591)
2024-12-30 18:53:37 [http-nio-8080-exec-2] INFO  o.a.c.c.C.[Tomcat].[localhost].[/] - Initializing Spring DispatcherServlet 'dispatcherServlet'
2024-12-30 18:53:37 [http-nio-8080-exec-2] INFO  o.s.web.servlet.DispatcherServlet - Initializing Servlet 'dispatcherServlet'
2024-12-30 18:53:37 [http-nio-8080-exec-2] INFO  o.s.web.servlet.DispatcherServlet - Completed initialization in 2 ms
2024-12-30 18:53:37 [http-nio-8080-exec-2] DEBUG c.techtez.springboot.entity.Product - Creating a new Product instance
2024-12-30 18:53:37 [http-nio-8080-exec-2] DEBUG c.techtez.springboot.entity.Product - Setting pname to: Bags
2024-12-30 18:53:37 [http-nio-8080-exec-2] DEBUG c.techtez.springboot.entity.Product - Setting pprice to: 6000.0
2024-12-30 18:53:37 [http-nio-8080-exec-2] DEBUG c.techtez.springboot.entity.Product - Setting pqty to: 30
2024-12-30 18:53:37 [http-nio-8080-exec-2] INFO  c.t.s.controller.MyController - Creating a new product with details: com.techtez.springboot.entity.Product@114694f1
2024-12-30 18:53:37 [http-nio-8080-exec-2] INFO  c.t.springboot.service.MyService - Saving product: com.techtez.springboot.entity.Product@114694f1
2024-12-30 18:53:37 [http-nio-8080-exec-2] DEBUG c.techtez.springboot.entity.Product - Fetching pno: 4
2024-12-30 18:53:37 [http-nio-8080-exec-2] DEBUG c.techtez.springboot.entity.Product - Fetching pname: Bags
2024-12-30 18:53:37 [http-nio-8080-exec-2] DEBUG c.techtez.springboot.entity.Product - Fetching pprice: 6000.0
2024-12-30 18:53:37 [http-nio-8080-exec-2] DEBUG c.techtez.springboot.entity.Product - Fetching pqty: 30
2024-12-30 19:27:23 [HikariPool-1 housekeeper] WARN  com.zaxxer.hikari.pool.HikariPool - HikariPool-1 - Thread starvation or clock leap detected (housekeeper delta=1m29s378ms355µs100ns).
2024-12-30 19:36:23 [RMI TCP Connection(52)-127.0.0.1] INFO  o.s.b.a.SpringApplicationAdminMXBeanRegistrar$SpringApplicationAdmin - Application shutdown requested.
2024-12-30 19:36:23 [RMI TCP Connection(52)-127.0.0.1] INFO  o.s.o.j.LocalContainerEntityManagerFactoryBean - Closing JPA EntityManagerFactory for persistence unit 'default'
2024-12-30 19:36:23 [RMI TCP Connection(52)-127.0.0.1] INFO  com.zaxxer.hikari.HikariDataSource - HikariPool-1 - Shutdown initiated...
2024-12-30 19:36:23 [RMI TCP Connection(52)-127.0.0.1] INFO  com.zaxxer.hikari.HikariDataSource - HikariPool-1 - Shutdown completed.
